<?xml version="1.0" encoding="UTF-8"?>
<!-- Generated by org.testng.reporters.JUnitXMLReporter -->
<testsuite hostname="chetan" ignored="2" name="Default test" tests="1" failures="0" timestamp="05 Feb 2019 02:28:14 GMT" time="10.544" errors="0">
  <testcase name="dataDriven" time="10.466" classname="BasicTest.Day1"/>
  <testcase name="demo" time="0.0" classname="BasicTest.Day1">
    <ignored/>
  </testcase> <!-- demo -->
  <testcase name="demo1" time="0.0" classname="BasicTest.Day1">
    <ignored/>
  </testcase> <!-- demo1 -->
</testsuite> <!-- Default test -->
