<?xml version="1.0" encoding="UTF-8"?>
<!-- Generated by org.testng.reporters.JUnitXMLReporter -->
<testsuite hostname="chetan" ignored="0" name="Personal Loan" tests="7" failures="0" timestamp="13 Feb 2019 14:12:08 GMT" time="6.849" errors="0">
  <testcase name="dataDriven" time="6.757" classname="BasicTest.Day1"/>
  <testcase name="demo" time="0.014" classname="BasicTest.Day1"/>
  <testcase name="demo1" time="0.002" classname="BasicTest.Day1"/>
  <testcase name="demo3" time="0.001" classname="BasicTest.Day2"/>
  <testcase name="demo4" time="0.002" classname="BasicTest.Day2"/>
  <testcase name="demo4" time="0.004" classname="BasicTest.Day2"/>
  <testcase name="demo4" time="0.004" classname="BasicTest.Day2"/>
</testsuite> <!-- Personal Loan -->
