<?xml version="1.0" encoding="UTF-8"?>
<!-- Generated by org.testng.reporters.JUnitXMLReporter -->
<testsuite hostname="chetan" ignored="6" name="Regression" tests="3" failures="0" timestamp="20 Jan 2019 14:37:56 GMT" time="0.169" errors="0">
  <testcase name="demo3" time="0.055" classname="BasicTest.Day2"/>
  <testcase name="apiCarLOan" time="0.0" classname="BasicTest.Day3"/>
  <testcase name="mobHomeLoan" time="0.016" classname="BasicTest.Day4"/>
  <testcase name="apiHomeLOan" time="0.0" classname="BasicTest.Day4">
    <ignored/>
  </testcase> <!-- apiHomeLOan -->
  <testcase name="mobCarLoan" time="0.0" classname="BasicTest.Day3">
    <ignored/>
  </testcase> <!-- mobCarLoan -->
  <testcase name="webHomeLoan" time="0.0" classname="BasicTest.Day4">
    <ignored/>
  </testcase> <!-- webHomeLoan -->
  <testcase name="demo" time="0.0" classname="BasicTest.Day1">
    <ignored/>
  </testcase> <!-- demo -->
  <testcase name="demo1" time="0.0" classname="BasicTest.Day1">
    <ignored/>
  </testcase> <!-- demo1 -->
  <testcase name="webCarLoan" time="0.0" classname="BasicTest.Day3">
    <ignored/>
  </testcase> <!-- webCarLoan -->
</testsuite> <!-- Regression -->
